<?xml version="1.0" encoding="UTF-8"?>
<!-- Generated by org.testng.reporters.JUnitReportReporter -->
<testsuite hostname="DESKTOP-M0E0QKL" failures="0" tests="2" name="loginPage.Register_Page" time="8.227" errors="0" timestamp="2024-06-26T17:34:38 IST" skipped="0">
  <testcase classname="loginPage.Register_Page" name="login" time="4.736"/>
  <testcase classname="loginPage.Register_Page" name="register" time="3.491"/>
</testsuite> <!-- loginPage.Register_Page -->
