<?xml version="1.0" encoding="UTF-8"?>
<!-- Generated by org.testng.reporters.JUnitReportReporter -->
<testsuite hostname="DESKTOP-M0E0QKL" failures="0" tests="2" name="registerPage.Register_Page" time="8.617" errors="0" timestamp="2024-06-26T14:27:56 IST" skipped="0">
  <testcase classname="registerPage.Register_Page" name="login" time="5.544"/>
  <testcase classname="registerPage.Register_Page" name="register" time="3.073"/>
</testsuite> <!-- registerPage.Register_Page -->
