<?xml version="1.0" encoding="UTF-8"?>
<!-- Generated by org.testng.reporters.JUnitReportReporter -->
<testsuite hostname="DESKTOP-M0E0QKL" failures="0" tests="25" name="run_Tasks.Run_Methods" time="122.908" errors="0" timestamp="2024-07-05T13:41:30 IST" skipped="0">
  <testcase classname="run_Tasks.Run_Methods" name="Scenario1" time="5.266"/>
  <testcase classname="run_Tasks.Run_Methods" name="Scenario01" time="7.628"/>
  <testcase classname="run_Tasks.Run_Methods" name="Scenario2" time="9.666"/>
  <testcase classname="run_Tasks.Run_Methods" name="Scenario03" time="14.238"/>
  <testcase classname="run_Tasks.Run_Methods" name="Scenario4" time="43.949"/>
  <testcase classname="run_Tasks.Run_Methods" name="shipping1" time="0.105"/>
  <testcase classname="run_Tasks.Run_Methods" name="shipping2" time="0.319"/>
  <testcase classname="run_Tasks.Run_Methods" name="shipping4" time="0.200"/>
  <testcase classname="run_Tasks.Run_Methods" name="shipping5" time="0.147"/>
  <testcase classname="run_Tasks.Run_Methods" name="shipping6" time="0.171"/>
  <testcase classname="run_Tasks.Run_Methods" name="shipping7" time="0.140"/>
  <testcase classname="run_Tasks.Run_Methods" name="shipping8" time="0.300"/>
  <testcase classname="run_Tasks.Run_Methods" name="shipping9" time="5.066"/>
  <testcase classname="run_Tasks.Run_Methods" name="Scenario7" time="5.071"/>
  <testcase classname="run_Tasks.Run_Methods" name="Scenario8" time="1.799"/>
  <testcase classname="run_Tasks.Run_Methods" name="Scenario9" time="1.834"/>
  <testcase classname="run_Tasks.Run_Methods" name="Scenario10" time="0.067"/>
  <testcase classname="run_Tasks.Run_Methods" name="Scenario11" time="2.313"/>
  <testcase classname="run_Tasks.Run_Methods" name="Scenario12" time="0.079"/>
  <testcase classname="run_Tasks.Run_Methods" name="Scenario13" time="1.267"/>
  <testcase classname="run_Tasks.Run_Methods" name="Scenario14" time="0.209"/>
  <testcase classname="run_Tasks.Run_Methods" name="Scenario15" time="1.334"/>
  <testcase classname="run_Tasks.Run_Methods" name="Scenario16" time="0.181"/>
  <testcase classname="run_Tasks.Run_Methods" name="Scenario17" time="4.187"/>
  <testcase classname="run_Tasks.Run_Methods" name="Scenario18" time="17.372"/>
</testsuite> <!-- run_Tasks.Run_Methods -->
